[32m[OK](B[m adobe-source-code-pro-fonts is already installed. Skipping...
[32m[OK](B[m noto-fonts-emoji is already installed. Skipping...
[32m[OK](B[m noto-fonts-cjk is already installed. Skipping...
[32m[OK](B[m otf-font-awesome is already installed. Skipping...
[32m[OK](B[m ttf-droid is already installed. Skipping...
[32m[OK](B[m ttf-fira-code is already installed. Skipping...
[33m[NOTE](B[m Installing ttf-jetbrains-mono ...
resolving dependencies...
looking for conflicting packages...

Packages (1) ttf-jetbrains-mono-2.304-2

Total Installed Size:  7.44 MiB

:: Proceed with installation? [Y/n] 
checking keyring...
checking package integrity...
loading package files...
checking for file conflicts...
checking available disk space...
:: Processing package changes...
installing ttf-jetbrains-mono...
:: Running post-transaction hooks...
(1/2) Arming ConditionNeedsUpdate...
(2/2) Updating fontconfig cache...
[1A[K[32m[OK](B[m Package [33mttf-jetbrains-mono(B[m has been successfully installed!
[32m[OK](B[m ttf-jetbrains-mono-nerd is already installed. Skipping...
